Change Component Designator: Old Designator=H1 New Designator=H?
Change Component Designator: Old Designator=H2 New Designator=H?
Change Component Designator: Old Designator=H3 New Designator=H?
Change Component Designator: Old Designator=H4 New Designator=H?
Change Component Designator: Old Designator=IO1 New Designator=IO?
Change Component Designator: Old Designator=IO2 New Designator=IO?
Change Component Designator: Old Designator=IO3 New Designator=IO?
Change Component Designator: Old Designator=IO4 New Designator=IO?
Change Component Designator: Old Designator=IO5 New Designator=IO?
Change Component Designator: Old Designator=IO6 New Designator=IO?
Change Component Designator: Old Designator=IO7 New Designator=IO?
Change Component Designator: Old Designator=IO8 New Designator=IO?
Change Component Designator: Old Designator=IO9 New Designator=IO?
Change Component Designator: Old Designator=IO10 New Designator=IO?
Change Component Designator: Old Designator=IO11 New Designator=IO?
Change Component Designator: Old Designator=IO12 New Designator=IO?
Change Component Designator: Old Designator=IO13 New Designator=IO?
Change Component Designator: Old Designator=IO14 New Designator=IO?
Change Component Designator: Old Designator=J1 New Designator=J?
Change Component Designator: Old Designator=J2 New Designator=J?
Change Component Designator: Old Designator=J3 New Designator=J?
Change Component Designator: Old Designator=R1 New Designator=R?
Change Component Designator: Old Designator=U1 New Designator=U?
Change Component Designator: Old Designator=U2 New Designator=U?
Change Component Designator: Old Designator=U3 New Designator=U?
Change Component Designator: Old Designator=U4 New Designator=U?
