Change Component Designator: Old Designator=H? New Designator=H1
Change Component Designator: Old Designator=H? New Designator=H2
Change Component Designator: Old Designator=H? New Designator=H3
Change Component Designator: Old Designator=H? New Designator=H4
Change Component Designator: Old Designator=IO? New Designator=IO1
Change Component Designator: Old Designator=IO? New Designator=IO2
Change Component Designator: Old Designator=IO? New Designator=IO3
Change Component Designator: Old Designator=IO? New Designator=IO4
Change Component Designator: Old Designator=IO? New Designator=IO5
Change Component Designator: Old Designator=IO? New Designator=IO6
Change Component Designator: Old Designator=IO? New Designator=IO7
Change Component Designator: Old Designator=IO? New Designator=IO8
Change Component Designator: Old Designator=IO? New Designator=IO9
Change Component Designator: Old Designator=IO? New Designator=IO10
Change Component Designator: Old Designator=IO? New Designator=IO11
Change Component Designator: Old Designator=IO? New Designator=IO12
Change Component Designator: Old Designator=IO? New Designator=IO13
Change Component Designator: Old Designator=IO? New Designator=IO14
Change Component Designator: Old Designator=IO? New Designator=IO15
Change Component Designator: Old Designator=IO? New Designator=IO16
Change Component Designator: Old Designator=IO? New Designator=IO17
Change Component Designator: Old Designator=IO? New Designator=IO18
Change Component Designator: Old Designator=IO? New Designator=IO19
Change Component Designator: Old Designator=IO? New Designator=IO20
Change Component Designator: Old Designator=IO? New Designator=IO21
Change Component Designator: Old Designator=IO? New Designator=IO22
Change Component Designator: Old Designator=IO? New Designator=IO23
Change Component Designator: Old Designator=J? New Designator=J1
Change Component Designator: Old Designator=J? New Designator=J2
Change Component Designator: Old Designator=J? New Designator=J3
Change Component Designator: Old Designator=R? New Designator=R1
Change Component Designator: Old Designator=U? New Designator=U1
Change Component Designator: Old Designator=U? New Designator=U2
Change Component Designator: Old Designator=U? New Designator=U3
Change Component Designator: Old Designator=U? New Designator=U4
