Removed Pin From Net: NetName=MOSI Pin=IO15-1
Removed Pin From Net: NetName=MISO Pin=IO16-1
Removed Pin From Net: NetName=SCK Pin=IO17-1
Removed Pin From Net: NetName=IO5 Pin=U2-8
Removed Pin From Net: NetName=IO6 Pin=U2-9
Removed Pin From Net: NetName=IO7 Pin=U2-10
Removed Pin From Net: NetName=IO8 Pin=U2-11
Removed Pin From Net: NetName=IO10 Pin=U2-20
Removed Pin From Net: NetName=IO11 Pin=U2-21
Removed Pin From Net: NetName=IO12 Pin=U2-22
Removed Member From Class: ClassName=MCU, Radios, and Sensors,SchDoc Member=IO15
Removed Member From Class: ClassName=MCU, Radios, and Sensors,SchDoc Member=IO16
Removed Member From Class: ClassName=MCU, Radios, and Sensors,SchDoc Member=IO17
Added Pin To Net: NetName=IO5 Pin=U2-10
Added Pin To Net: NetName=IO6 Pin=U2-11
Added Pin To Net: NetName=IO7 Pin=U2-16
Added Pin To Net: NetName=IO10 Pin=U2-22
Change Net Name : Old Net Name=IO4 New Net Name=IO2
Added Pin To Net: NetName=IO1 Pin=U2-6
Added Net: Name=IO1
Added Pin To Net: NetName=IO3 Pin=U2-8
Added Net: Name=IO3
Added Pin To Net: NetName=IO4 Pin=U2-9
Added Net: Name=IO4
Added Pin To Net: NetName=RX7 Pin=U2-20
Added Net: Name=RX7
Added Pin To Net: NetName=TX7 Pin=U2-21
Added Net: Name=TX7
