Removed Pin From Net: NetName=GND Pin=D3-2
Removed Pin From Net: NetName=GND Pin=J13-2
Removed Pin From Net: NetName=GND Pin=P4-1
Removed Pin From Net: NetName=GND Pin=Q4-2
Removed Pin From Net: NetName=GND Pin=R6-2
Removed Pin From Net: NetName=GND Pin=R7-1
Removed Pin From Net: NetName=GND Pin=U5-1
Removed Pin From Net: NetName=GND Pin=U6-1
Removed Pin From Net: NetName=GND Pin=U8-1
Removed Pin From Net: NetName=GND Pin=U9-2
Added Pin To Net: NetName=VIN1 Pin=D3-2
Added Pin To Net: NetName=VIN1 Pin=J13-2
Added Pin To Net: NetName=VIN1 Pin=P4-1
Added Pin To Net: NetName=VIN1 Pin=Q4-2
Added Pin To Net: NetName=VIN1 Pin=R6-2
Added Pin To Net: NetName=VIN1 Pin=R7-1
Added Pin To Net: NetName=VIN1 Pin=U5-1
Added Pin To Net: NetName=VIN1 Pin=U6-1
Added Pin To Net: NetName=VIN1 Pin=U8-1
Added Pin To Net: NetName=VIN1 Pin=U9-2
Added Net: Name=VIN1
Added Rule: Name=Schematic Supply Nets_3
