Replace Part D2 LED 0805 in C:\Users\rajan\OneDrive\Desktop\ALTAIR Project - McGill X UVictoria\PCB Design\Payload-PCB-Design\altium\Payload Board\Power Management.SchDoc with LED 0805 from Payload schlib.SchLib
Replace Part D3 LED 0805 in C:\Users\rajan\OneDrive\Desktop\ALTAIR Project - McGill X UVictoria\PCB Design\Payload-PCB-Design\altium\Payload Board\Power Management.SchDoc with LED 0805 from Payload schlib.SchLib
Replace Part D4 LED 0805 in C:\Users\rajan\OneDrive\Desktop\ALTAIR Project - McGill X UVictoria\PCB Design\Payload-PCB-Design\altium\Payload Board\Power Management.SchDoc with LED 0805 from Payload schlib.SchLib
Replace Part D5 LED 0805 in C:\Users\rajan\OneDrive\Desktop\ALTAIR Project - McGill X UVictoria\PCB Design\Payload-PCB-Design\altium\Payload Board\Power Management.SchDoc with LED 0805 from Payload schlib.SchLib
Replace Part J12 2 Pin Male Header in C:\Users\rajan\OneDrive\Desktop\ALTAIR Project - McGill X UVictoria\PCB Design\Payload-PCB-Design\altium\Payload Board\Power Management.SchDoc with 2 Pin Male Header from Payload schlib.SchLib
Replace Part P1 Probe_5019 in C:\Users\rajan\OneDrive\Desktop\ALTAIR Project - McGill X UVictoria\PCB Design\Payload-PCB-Design\altium\Payload Board\Power Management.SchDoc with Probe_5019 from Payload schlib.SchLib
Replace Part P2 Probe_5019 in C:\Users\rajan\OneDrive\Desktop\ALTAIR Project - McGill X UVictoria\PCB Design\Payload-PCB-Design\altium\Payload Board\Power Management.SchDoc with Probe_5019 from Payload schlib.SchLib
Replace Part P3 Probe_5019 in C:\Users\rajan\OneDrive\Desktop\ALTAIR Project - McGill X UVictoria\PCB Design\Payload-PCB-Design\altium\Payload Board\Power Management.SchDoc with Probe_5019 from Payload schlib.SchLib
Replace Part P4 Probe_5019 in C:\Users\rajan\OneDrive\Desktop\ALTAIR Project - McGill X UVictoria\PCB Design\Payload-PCB-Design\altium\Payload Board\Power Management.SchDoc with Probe_5019 from Payload schlib.SchLib
Replace Part P5 Probe_5019 in C:\Users\rajan\OneDrive\Desktop\ALTAIR Project - McGill X UVictoria\PCB Design\Payload-PCB-Design\altium\Payload Board\Power Management.SchDoc with Probe_5019 from Payload schlib.SchLib
Replace Part P6 Probe_5019 in C:\Users\rajan\OneDrive\Desktop\ALTAIR Project - McGill X UVictoria\PCB Design\Payload-PCB-Design\altium\Payload Board\Power Management.SchDoc with Probe_5019 from Payload schlib.SchLib
Replace Part P7 Probe_5019 in C:\Users\rajan\OneDrive\Desktop\ALTAIR Project - McGill X UVictoria\PCB Design\Payload-PCB-Design\altium\Payload Board\Power Management.SchDoc with Probe_5019 from Payload schlib.SchLib
Replace Part P8 Probe_5019 in C:\Users\rajan\OneDrive\Desktop\ALTAIR Project - McGill X UVictoria\PCB Design\Payload-PCB-Design\altium\Payload Board\Power Management.SchDoc with Probe_5019 from Payload schlib.SchLib
Replace Part Q3 AO3407A in C:\Users\rajan\OneDrive\Desktop\ALTAIR Project - McGill X UVictoria\PCB Design\Payload-PCB-Design\altium\Payload Board\Power Management.SchDoc with AO3407A from Payload schlib.SchLib
Replace Part Q4 AO3407A in C:\Users\rajan\OneDrive\Desktop\ALTAIR Project - McGill X UVictoria\PCB Design\Payload-PCB-Design\altium\Payload Board\Power Management.SchDoc with AO3407A from Payload schlib.SchLib
Replace Part Q5 AO3407A in C:\Users\rajan\OneDrive\Desktop\ALTAIR Project - McGill X UVictoria\PCB Design\Payload-PCB-Design\altium\Payload Board\Power Management.SchDoc with AO3407A from Payload schlib.SchLib
Replace Part R6 Resistor 0805 in C:\Users\rajan\OneDrive\Desktop\ALTAIR Project - McGill X UVictoria\PCB Design\Payload-PCB-Design\altium\Payload Board\Power Management.SchDoc with Resistor 0805 from Payload schlib.SchLib
Replace Part R7 Resistor 0805 in C:\Users\rajan\OneDrive\Desktop\ALTAIR Project - McGill X UVictoria\PCB Design\Payload-PCB-Design\altium\Payload Board\Power Management.SchDoc with Resistor 0805 from Payload schlib.SchLib
Replace Part R8 Resistor 0805 in C:\Users\rajan\OneDrive\Desktop\ALTAIR Project - McGill X UVictoria\PCB Design\Payload-PCB-Design\altium\Payload Board\Power Management.SchDoc with Resistor 0805 from Payload schlib.SchLib
Replace Part R9 Resistor 0805 in C:\Users\rajan\OneDrive\Desktop\ALTAIR Project - McGill X UVictoria\PCB Design\Payload-PCB-Design\altium\Payload Board\Power Management.SchDoc with Resistor 0805 from Payload schlib.SchLib
Replace Part R10 Resistor 0805 in C:\Users\rajan\OneDrive\Desktop\ALTAIR Project - McGill X UVictoria\PCB Design\Payload-PCB-Design\altium\Payload Board\Power Management.SchDoc with Resistor 0805 from Payload schlib.SchLib
Replace Part R11 Resistor 0805 in C:\Users\rajan\OneDrive\Desktop\ALTAIR Project - McGill X UVictoria\PCB Design\Payload-PCB-Design\altium\Payload Board\Power Management.SchDoc with Resistor 0805 from Payload schlib.SchLib
Replace Part R12 Resistor 0805 in C:\Users\rajan\OneDrive\Desktop\ALTAIR Project - McGill X UVictoria\PCB Design\Payload-PCB-Design\altium\Payload Board\Power Management.SchDoc with Resistor 0805 from Payload schlib.SchLib
Replace Part R13 Resistor 0805 in C:\Users\rajan\OneDrive\Desktop\ALTAIR Project - McGill X UVictoria\PCB Design\Payload-PCB-Design\altium\Payload Board\Power Management.SchDoc with Resistor 0805 from Payload schlib.SchLib
Replace Part R14 Resistor 0805 in C:\Users\rajan\OneDrive\Desktop\ALTAIR Project - McGill X UVictoria\PCB Design\Payload-PCB-Design\altium\Payload Board\Power Management.SchDoc with Resistor 0805 from Payload schlib.SchLib
Replace Part R15 Resistor 0805 in C:\Users\rajan\OneDrive\Desktop\ALTAIR Project - McGill X UVictoria\PCB Design\Payload-PCB-Design\altium\Payload Board\Power Management.SchDoc with Resistor 0805 from Payload schlib.SchLib
Replace Part R16 Resistor 0805 in C:\Users\rajan\OneDrive\Desktop\ALTAIR Project - McGill X UVictoria\PCB Design\Payload-PCB-Design\altium\Payload Board\Power Management.SchDoc with Resistor 0805 from Payload schlib.SchLib
Replace Part R17 Resistor 0805 in C:\Users\rajan\OneDrive\Desktop\ALTAIR Project - McGill X UVictoria\PCB Design\Payload-PCB-Design\altium\Payload Board\Power Management.SchDoc with Resistor 0805 from Payload schlib.SchLib
Replace Part R18 Resistor 0805 in C:\Users\rajan\OneDrive\Desktop\ALTAIR Project - McGill X UVictoria\PCB Design\Payload-PCB-Design\altium\Payload Board\Power Management.SchDoc with Resistor 0805 from Payload schlib.SchLib
Replace Part R19 Resistor 0805 in C:\Users\rajan\OneDrive\Desktop\ALTAIR Project - McGill X UVictoria\PCB Design\Payload-PCB-Design\altium\Payload Board\Power Management.SchDoc with Resistor 0805 from Payload schlib.SchLib
Replace Part U9 PSM-302 in C:\Users\rajan\OneDrive\Desktop\ALTAIR Project - McGill X UVictoria\PCB Design\Payload-PCB-Design\altium\Payload Board\Power Management.SchDoc with PSM-302 from Payload schlib.SchLib
